d:\c#visualstudio\museump\museump\x64\release\vc143.pdb
d:\c#visualstudio\museump\museump\x64\release\managerexhibition.obj
d:\c#visualstudio\museump\museump\x64\release\manager.obj
d:\c#visualstudio\museump\museump\x64\release\main.obj
d:\c#visualstudio\museump\museump\x64\release\database.obj
d:\c#visualstudio\museump\museump\x64\release\auth.obj
d:\c#visualstudio\museump\museump\x64\release\adminvisitor.obj
d:\c#visualstudio\museump\museump\x64\release\adminuser.obj
d:\c#visualstudio\museump\museump\x64\release\admintour.obj
d:\c#visualstudio\museump\museump\x64\release\adminticketseller.obj
d:\c#visualstudio\museump\museump\x64\release\adminticket.obj
d:\c#visualstudio\museump\museump\x64\release\adminsponsor.obj
d:\c#visualstudio\museump\museump\x64\release\adminseller.obj
d:\c#visualstudio\museump\museump\x64\release\adminmuseum.obj
d:\c#visualstudio\museump\museump\x64\release\adminhall.obj
d:\c#visualstudio\museump\museump\x64\release\adminguide.obj
d:\c#visualstudio\museump\museump\x64\release\adminexhibitionauthor.obj
d:\c#visualstudio\museump\museump\x64\release\adminexhibition.obj
d:\c#visualstudio\museump\museump\x64\release\adminauthor.obj
d:\c#visualstudio\museump\museump\x64\release\admin.obj
d:\c#visualstudio\museump\museump\x64\release\ticketsale.obj
d:\c#visualstudio\museump\museump\x64\release\ticket.obj
d:\c#visualstudio\museump\museump\x64\release\test.obj
d:\c#visualstudio\museump\museump\x64\release\managervisitor.obj
d:\c#visualstudio\museump\museump\x64\release\managertour.obj
d:\c#visualstudio\museump\museump\x64\release\managerticketsale.obj
d:\c#visualstudio\museump\museump\x64\release\managerticket.obj
d:\c#visualstudio\museump\museump\x64\release\viewticketsvisitors.obj
d:\c#visualstudio\museump\x64\release\museump.exe
d:\c#visualstudio\museump\x64\release\museump.pdb
d:\c#visualstudio\museump\museump\x64\release\museump.ipdb
d:\c#visualstudio\museump\museump\x64\release\museump.iobj
d:\c#visualstudio\museump\museump\x64\release\adminexhibitionticket.obj
d:\c#visualstudio\museump\museump\x64\release\museump.tlog\cl.command.1.tlog
d:\c#visualstudio\museump\museump\x64\release\museump.tlog\cl.items.tlog
d:\c#visualstudio\museump\museump\x64\release\museump.tlog\cl.read.1.tlog
d:\c#visualstudio\museump\museump\x64\release\museump.tlog\cl.write.1.tlog
d:\c#visualstudio\museump\museump\x64\release\museump.tlog\link.command.1.tlog
d:\c#visualstudio\museump\museump\x64\release\museump.tlog\link.read.1.tlog
d:\c#visualstudio\museump\museump\x64\release\museump.tlog\link.secondary.1.tlog
d:\c#visualstudio\museump\museump\x64\release\museump.tlog\link.write.1.tlog
